### ISSUE TITLE
Segfault when pressed ^D after /help

### ISSUE THREAD

**Issue by mlen** [boothj5/profanity#645]
Steps to reproduce
1. start profanity
2. type in `/help<CR>` and immediately press `^D`

OS & profanity version:
```
$ uname -a
Darwin polaris 14.5.0 Darwin Kernel Version 14.5.0: Wed Jul 29 02:26:53 PDT 2015; root:xnu-2782.40.9~1/RELEASE_X86_64 x86_64
$ profanity -v
Profanity, version 0.4.6
Copyright (C) 2012 - 2015 James Booth <boothj5web@gmail.com>.
License GPLv3+: GNU GPL version 3 or later <http://gnu.org/licenses/gpl.html>

This is free software; you are free to change and redistribute it.
There is NO WARRANTY, to the extent permitted by law.

Build information:
Desktop notification support: Disabled
OTR support: Enabled
```

Backtrace:
```
Process 67834 stopped
* thread #1: tid = 0x6cbf3d, 0x00007fff8bc0d4df libsystem_platform.dylib`_platform_memmove$VARIANT$Nehalem + 415, queue = 'com.apple.main-thread', stop reason = EXC_BAD_ACCESS (code=1, address=0xffffffffffffffef)
    frame #0: 0x00007fff8bc0d4df libsystem_platform.dylib`_platform_memmove$VARIANT$Nehalem + 415
libsystem_platform.dylib`_platform_memmove$VARIANT$Nehalem:
->  0x7fff8bc0d4df <+415>: movups xmmword ptr [r11 - 0x10], xmm0
    0x7fff8bc0d4e4 <+420>: movups xmm2, xmmword ptr [rsi - 0x20]
    0x7fff8bc0d4e8 <+424>: movups xmm3, xmmword ptr [rsi - 0x30]
    0x7fff8bc0d4ec <+428>: movups xmm4, xmmword ptr [rsi - 0x40]
(lldb) bt
* thread #1: tid = 0x6cbf3d, 0x00007fff8bc0d4df libsystem_platform.dylib`_platform_memmove$VARIANT$Nehalem + 415, queue = 'com.apple.main-thread', stop reason = EXC_BAD_ACCESS (code=1, address=0xffffffffffffffef)
  * frame #0: 0x00007fff8bc0d4df libsystem_platform.dylib`_platform_memmove$VARIANT$Nehalem + 415
    frame #1: 0x00000001000bf9e4 libglib-2.0.0.dylib`g_utf8_substring + 70
    frame #2: 0x000000010001ebbf profanity`inp_read + 2231
    frame #3: 0x00000001000172eb profanity`ui_readline + 19
    frame #4: 0x000000010000613c profanity`prof_run + 567
    frame #5: 0x00000001000373dc profanity`main + 382
    frame #6: 0x00007fff92bf25c9 libdyld.dylib`start + 1
    frame #7: 0x00007fff92bf25c9 libdyld.dylib`start + 1
(lldb) register read
General Purpose Registers:
       rax = 0x0000000000000000
       rbx = 0xffffffffffffffff
       rcx = 0x000000000000000f
       rdx = 0xfffffffffffffff0
       rdi = 0xfffffffffffffff0
       rsi = 0x0000000100053cc1  profanity`pad_start + 1
       rbp = 0x00007fff5fbff590
       rsp = 0x00007fff5fbff590
        r8 = 0x00007fff5fbff550
        r9 = 0x0000000000000070
       r10 = 0x0000000000007978
       r11 = 0xffffffffffffffff
       r12 = 0x0000000000000000
       r13 = 0x0000000100631000
       r14 = 0x0000000000000000
       r15 = 0x0000000100053cd1  profanity`input + 1
       rip = 0x00007fff8bc0d4df  libsystem_platform.dylib`_platform_memmove$VARIANT$Nehalem + 415
    rflags = 0x0000000000010286
        cs = 0x000000000000002b
        fs = 0x0000000000000000
        gs = 0x0000000000000000
```

**Comment by boothj5** [comment]
This has been fixed in 0.4.7 (see #595).

**Comment by mlen** [comment]
Thanks, I should have googled better
